<?xml version="1.0" encoding="UTF-8"?>
<!-- Generated by org.testng.reporters.JUnitXMLReporter -->
<testsuite hostname="Admin-PC" ignored="12" name="Test" tests="4" failures="1" timestamp="2022-03-12T08:09:32 IST" time="34.993" errors="0">
  <testcase name="homePage" time="20.485" classname="com.test.utils.Login"/>
  <testcase name="addNewPatient" time="1.674" classname="com.test.utils.Register"/>
  <testcase name="getExcelData" time="0.373" classname="com.test.utils.ReadExcel"/>
  <testcase name="baseLineDemography" time="3.931" classname="com.test.utils.Demography">
    <failure type="java.lang.NullPointerException">
      <![CDATA[java.lang.NullPointerException
at com.test.utils.ExcelColName.getCellData(ExcelColName.java:51)
at com.test.utils.Demography.baseLineDemography(Demography.java:85)
at java.util.ArrayList.forEach(ArrayList.java:1259)
at java.util.concurrent.FutureTask.run(FutureTask.java:266)
at java.util.concurrent.ThreadPoolExecutor.runWorker(ThreadPoolExecutor.java:1149)
at java.util.concurrent.ThreadPoolExecutor$Worker.run(ThreadPoolExecutor.java:624)
at java.lang.Thread.run(Thread.java:748)
... Removed 18 stack frames]]>
    </failure>
  </testcase> <!-- baseLineDemography -->
  <testcase name="@BeforeSuite preConditionSetUp" time="0.0" classname="com.test.utils.Base">
    <ignored/>
  </testcase> <!-- @BeforeSuite preConditionSetUp -->
  <testcase name="@BeforeSuite preConditionSetUp" time="0.0" classname="com.test.utils.Base">
    <ignored/>
  </testcase> <!-- @BeforeSuite preConditionSetUp -->
  <testcase name="@BeforeSuite preConditionSetUp" time="0.0" classname="com.test.utils.Base">
    <ignored/>
  </testcase> <!-- @BeforeSuite preConditionSetUp -->
  <testcase name="@BeforeTest preCondition" time="0.0" classname="com.test.utils.Base">
    <ignored/>
  </testcase> <!-- @BeforeTest preCondition -->
  <testcase name="@BeforeTest preCondition" time="0.0" classname="com.test.utils.Base">
    <ignored/>
  </testcase> <!-- @BeforeTest preCondition -->
  <testcase name="@BeforeTest preCondition" time="0.0" classname="com.test.utils.Base">
    <ignored/>
  </testcase> <!-- @BeforeTest preCondition -->
  <testcase name="@AfterTest close" time="0.0" classname="com.test.utils.Base">
    <ignored/>
  </testcase> <!-- @AfterTest close -->
  <testcase name="@AfterTest close" time="0.0" classname="com.test.utils.Base">
    <ignored/>
  </testcase> <!-- @AfterTest close -->
  <testcase name="@AfterTest close" time="0.0" classname="com.test.utils.Base">
    <ignored/>
  </testcase> <!-- @AfterTest close -->
  <testcase name="@AfterSuite quit" time="0.0" classname="com.test.utils.Base">
    <ignored/>
  </testcase> <!-- @AfterSuite quit -->
  <testcase name="@AfterSuite quit" time="0.0" classname="com.test.utils.Base">
    <ignored/>
  </testcase> <!-- @AfterSuite quit -->
  <testcase name="@AfterSuite quit" time="0.0" classname="com.test.utils.Base">
    <ignored/>
  </testcase> <!-- @AfterSuite quit -->
</testsuite> <!-- Test -->
